mar. 07, 2025 1:26:43 AM liquibase.changelog
INFO: Reading resource: db/changelog/migration/db.changelog-202503061959.sql
mar. 07, 2025 1:26:44 AM liquibase.changelog
INFO: Reading resource: db/changelog/migration/db.changelog-202503070054.sql
mar. 07, 2025 1:26:44 AM liquibase.changelog
INFO: Reading resource: db/changelog/migration/db.changelog-202503070106.sql
mar. 07, 2025 1:26:44 AM liquibase.changelog
INFO: Reading resource: db/changelog/migration/db.changelog-202503070112.sql
mar. 07, 2025 1:26:44 AM liquibase.changelog
INFO: Reading from board.databasechangelog
mar. 07, 2025 1:26:44 AM liquibase.lockservice
INFO: Successfully acquired change log lock
mar. 07, 2025 1:26:44 AM liquibase.command
INFO: Using deploymentId: 1321604732
mar. 07, 2025 1:26:44 AM liquibase.changelog
INFO: Reading from board.databasechangelog
Running Changeset: db/changelog/migration/db.changelog-202503070112.sql::202503061959::rafael
mar. 07, 2025 1:26:45 AM liquibase.changelog
INFO: Custom SQL executed
mar. 07, 2025 1:26:45 AM liquibase.changelog
INFO: ChangeSet db/changelog/migration/db.changelog-202503070112.sql::202503061959::rafael ran successfully in 394ms

UPDATE SUMMARY
Run:                          1
Previously run:               3
Filtered out:                 0
-------------------------------
Total change sets:            4

mar. 07, 2025 1:26:45 AM liquibase.util
INFO: UPDATE SUMMARY
mar. 07, 2025 1:26:45 AM liquibase.util
INFO: Run:                          1
mar. 07, 2025 1:26:45 AM liquibase.util
INFO: Previously run:               3
mar. 07, 2025 1:26:45 AM liquibase.util
INFO: Filtered out:                 0
mar. 07, 2025 1:26:45 AM liquibase.util
INFO: -------------------------------
mar. 07, 2025 1:26:45 AM liquibase.util
INFO: Total change sets:            4
mar. 07, 2025 1:26:45 AM liquibase.util
INFO: Update summary generated
mar. 07, 2025 1:26:45 AM liquibase.command
INFO: Update command completed successfully.
Liquibase: Update has been successful. Rows affected: 1
mar. 07, 2025 1:26:45 AM liquibase.lockservice
INFO: Successfully released change log lock
mar. 07, 2025 1:26:45 AM liquibase.command
INFO: Command execution complete
